[cmd] E:\ns_mc_gan_gi\conda_envs\ns_mc_gan_gi_py311\python.exe -m py_compile mc_vqgan_prior_long_canary.py anchor_initialized_vqgan_inversion.py
[cmd] E:\ns_mc_gan_gi\conda_envs\ns_mc_gan_gi_py311\python.exe -m pytest -q tests/test_anchor_initialized_vqgan_inversion.py tests/test_measurement_conditioned_vqgan.py
......                                                                   [100%]
6 passed in 6.08s
[cmd] E:\ns_mc_gan_gi\conda_envs\ns_mc_gan_gi_py311\python.exe mc_vqgan_prior_long_canary.py --config E:\ns_mc_gan_gi_code_fcc_phase1\configs\compatibility\mc_vqgan_prior_multiseed_hashclean_seed2_local.yaml
Files already downloaded and verified
Setting up [LPIPS] perceptual loss: trunk [alex], v[0.1], spatial [off]
Loading model from: C:\Users\CYZµÄcomputer\AppData\Roaming\Python\Python311\site-packages\lpips\weights\v0.1\alex.pth
{
  "output_dir": "E:\\ns_mc_gan_gi_code_fcc_phase1\\outputs\\compatibility\\measurement_conditioned_vqgan\\prior_multiseed_hashclean_seed2",
  "manifests": [
    {
      "phase": "warmup_vqae",
      "steps": 30000,
      "batch_order_hash": "b63263e0bde6c1cbb8813793b7ff8097beb6f2f0d17d016c89a95f93c8af4f79",
      "best_lpips": 0.3451270189980278,
      "best_step": 30000.0,
      "latest_checkpoint": "E:\\ns_mc_gan_gi_code_fcc_phase1\\outputs\\compatibility\\measurement_conditioned_vqgan\\prior_multiseed_hashclean_seed2\\warmup_vqae\\checkpoints\\warmup_vqae_latest.pt",
      "best_checkpoint": "E:\\ns_mc_gan_gi_code_fcc_phase1\\outputs\\compatibility\\measurement_conditioned_vqgan\\prior_multiseed_hashclean_seed2\\warmup_vqae\\checkpoints\\warmup_vqae_best_by_lpips.pt",
      "start_model_hash": "64bbdd878cc6baea27d8c9894ebe8d64e3b6394eea9c2d4d732ef496be093f9e",
      "end_model_hash": "4003e96882a57edaba53419368aa080bf6202ba785982eb843d910ad32c90400"
    },
    {
      "phase": "vqae_continuation",
      "steps": 100000,
      "batch_order_hash": "36c7005ec7054f1337393915bd3967b26d4f708236c40f33bb97a47b2376a4ca",
      "best_lpips": 0.3269603085500421,
      "best_step": 106000.0,
      "latest_checkpoint": "E:\\ns_mc_gan_gi_code_fcc_phase1\\outputs\\compatibility\\measurement_conditioned_vqgan\\prior_multiseed_hashclean_seed2\\vqae_continuation\\checkpoints\\vqae_continuation_latest.pt",
      "best_checkpoint": "E:\\ns_mc_gan_gi_code_fcc_phase1\\outputs\\compatibility\\measurement_conditioned_vqgan\\prior_multiseed_hashclean_seed2\\vqae_continuation\\checkpoints\\vqae_continuation_best_by_lpips.pt",
      "branch_start_model_hash": "89de8440d7d7cb70e80e1f5cd7349c544f6c94298feecb1cb3ceaa398b476ab7",
      "end_model_hash": "b99d3a746352580259cfc7eaf8c4bc0877a657bc979bd223b802cadf284d17a0"
    },
    {
      "phase": "vqgan_continuation",
      "steps": 100000,
      "batch_order_hash": "36c7005ec7054f1337393915bd3967b26d4f708236c40f33bb97a47b2376a4ca",
      "best_lpips": 0.1437907609360991,
      "best_step": 128000.0,
      "latest_checkpoint": "E:\\ns_mc_gan_gi_code_fcc_phase1\\outputs\\compatibility\\measurement_conditioned_vqgan\\prior_multiseed_hashclean_seed2\\vqgan_continuation\\checkpoints\\vqgan_continuation_latest.pt",
      "best_checkpoint": "E:\\ns_mc_gan_gi_code_fcc_phase1\\outputs\\compatibility\\measurement_conditioned_vqgan\\prior_multiseed_hashclean_seed2\\vqgan_continuation\\checkpoints\\vqgan_continuation_best_by_lpips.pt",
      "branch_start_model_hash": "89de8440d7d7cb70e80e1f5cd7349c544f6c94298feecb1cb3ceaa398b476ab7",
      "end_model_hash": "71339490a72d6b1ee19e05e922d9252ccc3ce892e1bd0a17abd9e3e6f43ac583"
    }
  ],
  "runtime": {
    "seconds": 16918.714484214783,
    "device": "cuda",
    "config": "E:\\ns_mc_gan_gi_code_fcc_phase1\\configs\\compatibility\\mc_vqgan_prior_multiseed_hashclean_seed2_local.yaml",
    "config_sha256": "f3018788edc819939c1e511832897068b68b623d66de6c1e279504a34d724625",
    "script_sha256": "a207b1e4795f5b6cecfe766f7755bd302be0d0e7537438b44cfd7f01a253b626"
  }
}
[cmd] E:\ns_mc_gan_gi\conda_envs\ns_mc_gan_gi_py311\python.exe anchor_initialized_vqgan_inversion.py --config E:\ns_mc_gan_gi_code_fcc_phase1\configs\compatibility\anchor_vqgan_inversion_multiseed_hashclean_seed2_local.yaml
Files already downloaded and verified
Setting up [LPIPS] perceptual loss: trunk [alex], v[0.1], spatial [off]
Loading model from: C:\Users\CYZµÄcomputer\AppData\Roaming\Python\Python311\site-packages\lpips\weights\v0.1\alex.pth
{
  "classification": "VQGAN_PRIOR_TRANSFER_CONFIRMED",
  "development_gate_passed": true,
  "output_dir": "E:\\ns_mc_gan_gi_code_fcc_phase1\\outputs\\compatibility\\measurement_conditioned_vqgan\\anchor_multiseed_hashclean_seed2",
  "package": {
    "zip_path": "E:\\ns_mc_gan_gi_code_fcc_phase1\\outputs\\compatibility\\measurement_conditioned_vqgan\\ANCHOR_INITIALIZED_VQGAN_INVERSION_SEED2_PACKAGE.zip",
    "zip_sha256": "bdc565892b197b2719e63ed5dc6eaae9f1a57b2caea0ac4af8d01cd9fb8e448a",
    "zip_bytes": 4539088
  },
  "runtime": {
    "seconds": 6924.773255825043,
    "device": "cuda",
    "config": "E:\\ns_mc_gan_gi_code_fcc_phase1\\configs\\compatibility\\anchor_vqgan_inversion_multiseed_hashclean_seed2_local.yaml",
    "config_sha256": "5689a1f902629686665b3d9e944234ddca4f8c8cedfb4e59157f7181fd6fe3db",
    "script_sha256": "7b129707070481a850a405cacd72b2c74ab28127ac936baa173a0d9d904c6ec2"
  }
}
{
  "seed_id": 2,
  "artifact": "E:\\ns_mc_gan_gi_code_fcc_phase1\\outputs\\compatibility\\measurement_conditioned_vqgan\\VQGAN_MULTI_SEED_LOCAL_SEED2_ARTIFACT.zip",
  "artifact_bytes": 110676177,
  "seconds": 23942.93573975563
}
