[cmd] E:\ns_mc_gan_gi\conda_envs\ns_mc_gan_gi_py311\python.exe -m py_compile mc_vqgan_prior_long_canary.py anchor_initialized_vqgan_inversion.py
[cmd] E:\ns_mc_gan_gi\conda_envs\ns_mc_gan_gi_py311\python.exe -m pytest -q tests/test_anchor_initialized_vqgan_inversion.py tests/test_measurement_conditioned_vqgan.py
......                                                                   [100%]
6 passed in 25.42s
[cmd] E:\ns_mc_gan_gi\conda_envs\ns_mc_gan_gi_py311\python.exe mc_vqgan_prior_long_canary.py --config E:\ns_mc_gan_gi_code_fcc_phase1\configs\compatibility\mc_vqgan_prior_multiseed_hashclean_seed0_local.yaml
Files already downloaded and verified
Setting up [LPIPS] perceptual loss: trunk [alex], v[0.1], spatial [off]
Loading model from: C:\Users\CYZµÄcomputer\AppData\Roaming\Python\Python311\site-packages\lpips\weights\v0.1\alex.pth
{
  "output_dir": "E:\\ns_mc_gan_gi_code_fcc_phase1\\outputs\\compatibility\\measurement_conditioned_vqgan\\prior_multiseed_hashclean_seed0",
  "manifests": [
    {
      "phase": "warmup_vqae",
      "steps": 30000,
      "batch_order_hash": "5cf30bc5ce4d5de669ebf41ef85eac5953fed47dbea3bfaeba957242c2a4cb56",
      "best_lpips": 0.34967388688528445,
      "best_step": 30000.0,
      "latest_checkpoint": "E:\\ns_mc_gan_gi_code_fcc_phase1\\outputs\\compatibility\\measurement_conditioned_vqgan\\prior_multiseed_hashclean_seed0\\warmup_vqae\\checkpoints\\warmup_vqae_latest.pt",
      "best_checkpoint": "E:\\ns_mc_gan_gi_code_fcc_phase1\\outputs\\compatibility\\measurement_conditioned_vqgan\\prior_multiseed_hashclean_seed0\\warmup_vqae\\checkpoints\\warmup_vqae_best_by_lpips.pt",
      "start_model_hash": "7b419d31ae486fe441f3df2ec6f70ebe412c47ead26a6f5f1089ce9bbd8c6a75",
      "end_model_hash": "09e0012aeb6d327b7c17f6e450f6e64b2150910bdb7def75aa5f6c5ee770bfe9"
    },
    {
      "phase": "vqae_continuation",
      "steps": 100000,
      "batch_order_hash": "bb4fe458f4732d007a46f2a1a1055ef8707edaaf135af5b36f5f2fc77bcbf37d",
      "best_lpips": 0.3338700257736491,
      "best_step": 116000.0,
      "latest_checkpoint": "E:\\ns_mc_gan_gi_code_fcc_phase1\\outputs\\compatibility\\measurement_conditioned_vqgan\\prior_multiseed_hashclean_seed0\\vqae_continuation\\checkpoints\\vqae_continuation_latest.pt",
      "best_checkpoint": "E:\\ns_mc_gan_gi_code_fcc_phase1\\outputs\\compatibility\\measurement_conditioned_vqgan\\prior_multiseed_hashclean_seed0\\vqae_continuation\\checkpoints\\vqae_continuation_best_by_lpips.pt",
      "branch_start_model_hash": "8c2f2e3343cedc98bf8c1e16c164463a50dc509950587d24159b44b1db70f425",
      "end_model_hash": "6018a9ef7e58a568315037d152a71290248726c87dfd77221f965c3753108b1f"
    },
    {
      "phase": "vqgan_continuation",
      "steps": 100000,
      "batch_order_hash": "bb4fe458f4732d007a46f2a1a1055ef8707edaaf135af5b36f5f2fc77bcbf37d",
      "best_lpips": 0.14773792443156708,
      "best_step": 118000.0,
      "latest_checkpoint": "E:\\ns_mc_gan_gi_code_fcc_phase1\\outputs\\compatibility\\measurement_conditioned_vqgan\\prior_multiseed_hashclean_seed0\\vqgan_continuation\\checkpoints\\vqgan_continuation_latest.pt",
      "best_checkpoint": "E:\\ns_mc_gan_gi_code_fcc_phase1\\outputs\\compatibility\\measurement_conditioned_vqgan\\prior_multiseed_hashclean_seed0\\vqgan_continuation\\checkpoints\\vqgan_continuation_best_by_lpips.pt",
      "branch_start_model_hash": "8c2f2e3343cedc98bf8c1e16c164463a50dc509950587d24159b44b1db70f425",
      "end_model_hash": "c0cdb645d7dacfbdbeebeb9447cbeeb00d756c128d950a16bd75ef0203d5cf6d"
    }
  ],
  "runtime": {
    "seconds": 17877.141729831696,
    "device": "cuda",
    "config": "E:\\ns_mc_gan_gi_code_fcc_phase1\\configs\\compatibility\\mc_vqgan_prior_multiseed_hashclean_seed0_local.yaml",
    "config_sha256": "3f8150d37c732b42ad4e77c69afcc4f9512bc373ab5c8d2cef53799369270b3c",
    "script_sha256": "a207b1e4795f5b6cecfe766f7755bd302be0d0e7537438b44cfd7f01a253b626"
  }
}
[cmd] E:\ns_mc_gan_gi\conda_envs\ns_mc_gan_gi_py311\python.exe anchor_initialized_vqgan_inversion.py --config E:\ns_mc_gan_gi_code_fcc_phase1\configs\compatibility\anchor_vqgan_inversion_multiseed_hashclean_seed0_local.yaml
Files already downloaded and verified
Setting up [LPIPS] perceptual loss: trunk [alex], v[0.1], spatial [off]
Loading model from: C:\Users\CYZµÄcomputer\AppData\Roaming\Python\Python311\site-packages\lpips\weights\v0.1\alex.pth
{
  "classification": "VQGAN_PRIOR_TRANSFER_CONFIRMED",
  "development_gate_passed": true,
  "output_dir": "E:\\ns_mc_gan_gi_code_fcc_phase1\\outputs\\compatibility\\measurement_conditioned_vqgan\\anchor_multiseed_hashclean_seed0",
  "package": {
    "zip_path": "E:\\ns_mc_gan_gi_code_fcc_phase1\\outputs\\compatibility\\measurement_conditioned_vqgan\\ANCHOR_INITIALIZED_VQGAN_INVERSION_SEED0_PACKAGE.zip",
    "zip_sha256": "6d909c3c293b0921497579b7c62a423a19f3edaa35d9e8f52436d0e651082038",
    "zip_bytes": 4534047
  },
  "runtime": {
    "seconds": 6338.601460456848,
    "device": "cuda",
    "config": "E:\\ns_mc_gan_gi_code_fcc_phase1\\configs\\compatibility\\anchor_vqgan_inversion_multiseed_hashclean_seed0_local.yaml",
    "config_sha256": "d9e77be16e6f10157537ce6e048c1fee711b196277f30e8f41f3dc808f5e331f",
    "script_sha256": "7b129707070481a850a405cacd72b2c74ab28127ac936baa173a0d9d904c6ec2"
  }
}
{
  "seed_id": 0,
  "artifact": "E:\\ns_mc_gan_gi_code_fcc_phase1\\outputs\\compatibility\\measurement_conditioned_vqgan\\VQGAN_MULTI_SEED_LOCAL_SEED0_ARTIFACT.zip",
  "artifact_bytes": 110528528,
  "seconds": 24326.235748529434
}
